{
  "RSpec": {
    "coverage": {
      "/Users/eds/Projects/Makers/bookmark-paring-challenge/bookmark-paring-challenge/bookmark/spec/features/add_new_bookmark_spec.rb": {
        "lines": [
          1,
          1,
          1,
          1,
          1,
          1,
          1,
          null,
          null
        ]
      },
      "/Users/eds/Projects/Makers/bookmark-paring-challenge/bookmark-paring-challenge/bookmark/spec/features/testing_homepage_spec.rb": {
        "lines": [
          1,
          1,
          1,
          1,
          null,
          null,
          null
        ]
      },
      "/Users/eds/Projects/Makers/bookmark-paring-challenge/bookmark-paring-challenge/bookmark/spec/features/viewing_bookmarks_spec.rb": {
        "lines": [
          1,
          1,
          1,
          1,
          1,
          1,
          1,
          1,
          1,
          1,
          1,
          null,
          null
        ]
      },
      "/Users/eds/Projects/Makers/bookmark-paring-challenge/bookmark-paring-challenge/bookmark/spec/unit/bookmark_list_spec.rb": {
        "lines": [
          1,
          null,
          1,
          2,
          2,
          null,
          1,
          1,
          1,
          1,
          1,
          1,
          1,
          1,
          1,
          null,
          null,
          null
        ]
      },
      "/Users/eds/Projects/Makers/bookmark-paring-challenge/bookmark-paring-challenge/bookmark/lib/Bookmark.rb": {
        "lines": [
          1,
          null,
          1,
          null,
          1,
          4,
          4,
          null,
          0,
          null,
          null,
          4,
          null,
          null,
          1,
          10,
          10,
          null,
          0,
          null,
          10,
          27,
          null,
          null,
          null,
          1,
          null,
          null,
          null,
          null
        ]
      }
    },
    "timestamp": 1614184754
  }
}
