{
  "RSpec": {
    "coverage": {
      "/Users/joey/Desktop/Projects/bookmark/spec/features/add_new_bookmark_spec.rb": {
        "lines": [
          1,
          1,
          1,
          1,
          1,
          null,
          null
        ]
      },
      "/Users/joey/Desktop/Projects/bookmark/spec/features/delete_bookmark_spec.rb": {
        "lines": [
          1,
          1,
          1,
          1,
          1,
          1,
          null,
          null
        ]
      },
      "/Users/joey/Desktop/Projects/bookmark/spec/features/viewing_bookmarks_spec.rb": {
        "lines": [
          1,
          1,
          1,
          1,
          1,
          1,
          1,
          1,
          1,
          1,
          null,
          null
        ]
      },
      "/Users/joey/Desktop/Projects/bookmark/spec/unit/bookmark_list_spec.rb": {
        "lines": [
          1,
          1,
          null,
          1,
          null,
          1,
          1,
          1,
          1,
          1,
          1,
          1,
          1,
          1,
          null,
          1,
          1,
          null,
          null,
          null,
          1,
          1,
          1,
          1,
          1,
          1,
          1,
          1,
          null,
          null,
          null,
          1,
          1,
          1,
          1,
          1,
          1,
          null,
          null,
          null,
          null,
          null
        ]
      },
      "/Users/joey/Desktop/Projects/bookmark/lib/Bookmark.rb": {
        "lines": [
          1,
          null,
          1,
          1,
          null,
          1,
          10,
          10,
          null,
          null,
          1,
          11,
          20,
          null,
          null,
          1,
          2,
          null,
          null,
          1,
          19,
          19,
          19,
          null,
          null,
          1,
          null,
          1,
          23,
          23,
          null,
          0,
          null,
          null,
          null,
          null
        ]
      },
      "/Users/joey/Desktop/Projects/bookmark/spec/database_helpers.rb": {
        "lines": [
          1,
          null,
          1,
          2,
          2,
          2,
          null
        ]
      }
    },
    "timestamp": 1614258897
  }
}
